<?xml version="1.0" encoding="UTF-8"?>
<!-- Generated by org.testng.reporters.JUnitXMLReporter -->
<testsuite ignored="1" hostname="ADMIN-PC" failures="0" tests="4" name="Default test" time="0.101" errors="0" timestamp="2021-09-16T23:45:17 IST">
  <testcase classname="com.actitime.testScript.CustomerModule" name="createCustomer" time="0.013"/>
  <testcase classname="com.actitime.testScript.CustomerModule" name="createCustomer" time="0.003"/>
  <testcase classname="com.actitime.testScript.CustomerModule" name="createCustomer" time="0.002"/>
  <testcase classname="com.actitime.testScript.CustomerModule" name="modifyCustomer" time="0.002"/>
  <testcase classname="com.actitime.testScript.CustomerModule" name="deleteCustomer" time="0.0">
    <ignored/>
  </testcase> <!-- deleteCustomer -->
</testsuite> <!-- Default test -->
