<?xml version="1.0" encoding="UTF-8"?>
<testng-results ignored="1" total="5" passed="4" failed="0" skipped="0">
  <reporter-output>
    <line>
      <![CDATA[createCustomer]]>
    </line>
    <line>
      <![CDATA[createCustomer]]>
    </line>
    <line>
      <![CDATA[createCustomer]]>
    </line>
    <line>
      <![CDATA[modifyCustomer]]>
    </line>
  </reporter-output>
  <suite started-at="2021-09-16T23:45:17 IST" name="Default suite" finished-at="2021-09-16T23:45:17 IST" duration-ms="101">
    <groups>
    </groups>
    <test started-at="2021-09-16T23:45:17 IST" name="Default test" finished-at="2021-09-16T23:45:17 IST" duration-ms="101">
      <class name="com.actitime.testScript.CustomerModule">
        <test-method signature="createCustomer()[pri:1, instance:com.actitime.testScript.CustomerModule@2177849e]" started-at="2021-09-16T23:45:17 IST" name="createCustomer" finished-at="2021-09-16T23:45:17 IST" duration-ms="13" status="PASS">
          <reporter-output>
            <line>
              <![CDATA[createCustomer]]>
            </line>
          </reporter-output>
        </test-method> <!-- createCustomer -->
        <test-method signature="createCustomer()[pri:1, instance:com.actitime.testScript.CustomerModule@2177849e]" started-at="2021-09-16T23:45:17 IST" name="createCustomer" finished-at="2021-09-16T23:45:17 IST" duration-ms="3" status="PASS">
          <reporter-output>
            <line>
              <![CDATA[createCustomer]]>
            </line>
          </reporter-output>
        </test-method> <!-- createCustomer -->
        <test-method signature="createCustomer()[pri:1, instance:com.actitime.testScript.CustomerModule@2177849e]" started-at="2021-09-16T23:45:17 IST" name="createCustomer" finished-at="2021-09-16T23:45:17 IST" duration-ms="2" status="PASS">
          <reporter-output>
            <line>
              <![CDATA[createCustomer]]>
            </line>
          </reporter-output>
        </test-method> <!-- createCustomer -->
        <test-method signature="modifyCustomer()[pri:2, instance:com.actitime.testScript.CustomerModule@2177849e]" started-at="2021-09-16T23:45:17 IST" name="modifyCustomer" finished-at="2021-09-16T23:45:17 IST" depends-on-methods="com.actitime.testScript.CustomerModule.createCustomer" duration-ms="2" status="PASS">
          <reporter-output>
            <line>
              <![CDATA[modifyCustomer]]>
            </line>
          </reporter-output>
        </test-method> <!-- modifyCustomer -->
      </class> <!-- com.actitime.testScript.CustomerModule -->
    </test> <!-- Default test -->
  </suite> <!-- Default suite -->
</testng-results>
